building the system configuration...
these 18 derivations will be built:
  /nix/store/1mwii2lgfrvgam3r6y69h5a83sznd97g-vimplugin-cloak.nvim-2024-06-12.drv
  /nix/store/61vx1nal9ffzzq0784jaqhnky4bya5xy-init.lua.drv
  /nix/store/i263hrz1h05kd4jvngihw7pw23dy0q7s-nixvim-print-init.drv
  /nix/store/2vrcq9bn2wl3ciryqcz5ab47yik7whlv-init.vim.drv
  /nix/store/wrr61q1lc26gmb5f9m9a53khipq52l31-packdir-start.drv
  /nix/store/zjl14mayk6pm1h3k1y4h6xv8lik4gfmb-vim-pack-dir.drv
  /nix/store/w22qyapsn4q5hsc11mwi1h3yy86n5y66-neovim-0.10.4.drv
  /nix/store/xvg452dfpx75f36pwsi0a47625b33inh-nixvim.drv
  /nix/store/2bn1z7hi666jacddcs3lhl44dllzbd39-home-manager-path.drv
  /nix/store/3h4daq47qlhmgixq7mshj8jzzl4ah2kx-user-environment.drv
  /nix/store/8nw7gin5216h18nhd7pzb6868mi4j383-hm_fontconfigconf.d10hmfonts.conf.drv
  /nix/store/a0bgkniz22zjv5l23sdi6m6yifbs154x-home-manager-files.drv
  /nix/store/dnfphb3g0s91bhk5mbvzifai805sbk42-home-manager-generation.drv
  /nix/store/dbdld0ni3rjzy4qkyzwfxy8vc7dsvlhj-unit-home-manager-pharo.service.drv
  /nix/store/ig3pdc678mw8wp0xh23w63gw8v33jlkk-system-units.drv
  /nix/store/nrhzrkx68qiqv8xslba15xa7pnkjzl41-etc-nix-registry.json.drv
  /nix/store/zgamcpx78qi6hfbw4hz9qc7cddqg2b63-etc.drv
  /nix/store/6kxri4wwl1ajj8a3ksncc9kqyalrk45x-nixos-system-casper-25.05.20250218.73cf49b.drv
this path will be fetched (0.00 MiB download, 0.01 MiB unpacked):
  /nix/store/9nxi17fbz5bysf1v5p41nnwynlnml8xl-source
building '/nix/store/nrhzrkx68qiqv8xslba15xa7pnkjzl41-etc-nix-registry.json.drv'...
building '/nix/store/2vrcq9bn2wl3ciryqcz5ab47yik7whlv-init.vim.drv'...
copying path '/nix/store/9nxi17fbz5bysf1v5p41nnwynlnml8xl-source' from 'https://cache.nixos.org'...
building '/nix/store/61vx1nal9ffzzq0784jaqhnky4bya5xy-init.lua.drv'...
building '/nix/store/1mwii2lgfrvgam3r6y69h5a83sznd97g-vimplugin-cloak.nvim-2024-06-12.drv'...
building '/nix/store/i263hrz1h05kd4jvngihw7pw23dy0q7s-nixvim-print-init.drv'...
building '/nix/store/wrr61q1lc26gmb5f9m9a53khipq52l31-packdir-start.drv'...
building '/nix/store/zjl14mayk6pm1h3k1y4h6xv8lik4gfmb-vim-pack-dir.drv'...
building '/nix/store/w22qyapsn4q5hsc11mwi1h3yy86n5y66-neovim-0.10.4.drv'...
building '/nix/store/xvg452dfpx75f36pwsi0a47625b33inh-nixvim.drv'...
building '/nix/store/2bn1z7hi666jacddcs3lhl44dllzbd39-home-manager-path.drv'...
building '/nix/store/8nw7gin5216h18nhd7pzb6868mi4j383-hm_fontconfigconf.d10hmfonts.conf.drv'...
building '/nix/store/3h4daq47qlhmgixq7mshj8jzzl4ah2kx-user-environment.drv'...
building '/nix/store/a0bgkniz22zjv5l23sdi6m6yifbs154x-home-manager-files.drv'...
building '/nix/store/dnfphb3g0s91bhk5mbvzifai805sbk42-home-manager-generation.drv'...
building '/nix/store/dbdld0ni3rjzy4qkyzwfxy8vc7dsvlhj-unit-home-manager-pharo.service.drv'...
building '/nix/store/ig3pdc678mw8wp0xh23w63gw8v33jlkk-system-units.drv'...
building '/nix/store/zgamcpx78qi6hfbw4hz9qc7cddqg2b63-etc.drv'...
building '/nix/store/6kxri4wwl1ajj8a3ksncc9kqyalrk45x-nixos-system-casper-25.05.20250218.73cf49b.drv'...
activating the configuration...
setting up /etc...
reloading user units for pharo...
restarting sysinit-reactivation.target
Done. The new configuration is /nix/store/m7f2ibx4salw7zy3ji5g31qfn80w2pfc-nixos-system-casper-25.05.20250218.73cf49b
